<?xml version="1.0" encoding="UTF-8"?>
<testng-results skipped="0" failed="1" ignored="0" total="4" passed="3">
  <reporter-output>
  </reporter-output>
  <suite name="Default suite" duration-ms="40168" started-at="2021-06-28T09:30:44 EDT" finished-at="2021-06-28T09:31:24 EDT">
    <groups>
      <group name="SanityTest">
        <method signature="UpsTestRunnerClass.loginErrorMessageTest()[pri:3, instance:ups.pack.UpsTestRunnerClass@1060b431]" name="loginErrorMessageTest" class="ups.pack.UpsTestRunnerClass"/>
        <method signature="UpsTestRunnerClass.myDemoTest1()[pri:2, instance:ups.pack.UpsTestRunnerClass@1060b431]" name="myDemoTest1" class="ups.pack.UpsTestRunnerClass"/>
      </group> <!-- SanityTest -->
      <group name="RegressionTest">
        <method signature="UpsTestRunnerClass.myDemoTest2()[pri:1, instance:ups.pack.UpsTestRunnerClass@1060b431]" name="myDemoTest2" class="ups.pack.UpsTestRunnerClass"/>
        <method signature="UpsTestRunnerClass.signUpLinkTest()[pri:4, instance:ups.pack.UpsTestRunnerClass@1060b431]" name="signUpLinkTest" class="ups.pack.UpsTestRunnerClass"/>
      </group> <!-- RegressionTest -->
    </groups>
    <test name="Default test" duration-ms="40168" started-at="2021-06-28T09:30:44 EDT" finished-at="2021-06-28T09:31:24 EDT">
      <class name="ups.pack.UpsTestRunnerClass">
        <test-method status="PASS" signature="beforeMethod()[pri:0, instance:ups.pack.UpsTestRunnerClass@1060b431]" name="beforeMethod" is-config="true" duration-ms="2769" started-at="2021-06-28T09:30:44 EDT" finished-at="2021-06-28T09:30:47 EDT">
          <reporter-output>
          </reporter-output>
        </test-method> <!-- beforeMethod -->
        <test-method status="PASS" signature="myDemoTest2()[pri:1, instance:ups.pack.UpsTestRunnerClass@1060b431]" name="myDemoTest2" duration-ms="10" started-at="2021-06-28T09:30:47 EDT" finished-at="2021-06-28T09:30:47 EDT">
          <reporter-output>
          </reporter-output>
        </test-method> <!-- myDemoTest2 -->
        <test-method status="PASS" signature="afterMethod()[pri:0, instance:ups.pack.UpsTestRunnerClass@1060b431]" name="afterMethod" is-config="true" duration-ms="115" started-at="2021-06-28T09:30:47 EDT" finished-at="2021-06-28T09:30:47 EDT">
          <reporter-output>
          </reporter-output>
        </test-method> <!-- afterMethod -->
        <test-method status="PASS" signature="beforeMethod()[pri:0, instance:ups.pack.UpsTestRunnerClass@1060b431]" name="beforeMethod" is-config="true" duration-ms="1699" started-at="2021-06-28T09:30:47 EDT" finished-at="2021-06-28T09:30:49 EDT">
          <reporter-output>
          </reporter-output>
        </test-method> <!-- beforeMethod -->
        <test-method status="PASS" signature="myDemoTest1()[pri:2, instance:ups.pack.UpsTestRunnerClass@1060b431]" name="myDemoTest1" duration-ms="5" started-at="2021-06-28T09:30:49 EDT" finished-at="2021-06-28T09:30:49 EDT">
          <reporter-output>
          </reporter-output>
        </test-method> <!-- myDemoTest1 -->
        <test-method status="PASS" signature="afterMethod()[pri:0, instance:ups.pack.UpsTestRunnerClass@1060b431]" name="afterMethod" is-config="true" duration-ms="106" started-at="2021-06-28T09:30:49 EDT" finished-at="2021-06-28T09:30:49 EDT">
          <reporter-output>
          </reporter-output>
        </test-method> <!-- afterMethod -->
        <test-method status="PASS" signature="beforeMethod()[pri:0, instance:ups.pack.UpsTestRunnerClass@1060b431]" name="beforeMethod" is-config="true" duration-ms="1733" started-at="2021-06-28T09:30:49 EDT" finished-at="2021-06-28T09:30:50 EDT">
          <reporter-output>
          </reporter-output>
        </test-method> <!-- beforeMethod -->
        <test-method status="FAIL" signature="loginErrorMessageTest()[pri:3, instance:ups.pack.UpsTestRunnerClass@1060b431]" name="loginErrorMessageTest" duration-ms="26526" started-at="2021-06-28T09:30:50 EDT" finished-at="2021-06-28T09:31:17 EDT">
          <exception class="org.openqa.selenium.NoSuchElementException">
            <message>
              <![CDATA[no such element: Unable to locate element: {"method":"xpath","selector":"//*[@name="phoneCountryCode"]"}
  (Session info: chrome=91.0.4472.124)
For documentation on this error, please visit: https://www.seleniumhq.org/exceptions/no_such_element.html
Build info: version: '3.141.59', revision: 'e82be7d358', time: '2018-11-14T08:25:48'
System info: host: 'LAPTOP-V9LR9B12', ip: '192.168.1.8', os.name: 'Windows 10', os.arch: 'amd64', os.version: '10.0', java.version: '1.8.0_281'
Driver info: org.openqa.selenium.chrome.ChromeDriver
Capabilities {acceptInsecureCerts: false, browserName: chrome, browserVersion: 91.0.4472.124, chrome: {chromedriverVersion: 91.0.4472.19 (1bf021f248676..., userDataDir: C:\Users\mohsi\AppData\Loca...}, goog:chromeOptions: {debuggerAddress: localhost:59105}, javascriptEnabled: true, networkConnectionEnabled: false, pageLoadStrategy: normal, platform: WINDOWS, platformName: WINDOWS, proxy: Proxy(), setWindowRect: true, strictFileInteractability: false, timeouts: {implicit: 0, pageLoad: 300000, script: 30000}, unhandledPromptBehavior: dismiss and notify, webauthn:extension:largeBlob: true, webauthn:virtualAuthenticators: true}
Session ID: f92458a503d2b6a75f6325c6a5f5e428
*** Element info: {Using=xpath, value=//*[@name="phoneCountryCode"]}]]>
            </message>
            <full-stacktrace>
              <![CDATA[org.openqa.selenium.NoSuchElementException: no such element: Unable to locate element: {"method":"xpath","selector":"//*[@name="phoneCountryCode"]"}
  (Session info: chrome=91.0.4472.124)
For documentation on this error, please visit: https://www.seleniumhq.org/exceptions/no_such_element.html
Build info: version: '3.141.59', revision: 'e82be7d358', time: '2018-11-14T08:25:48'
System info: host: 'LAPTOP-V9LR9B12', ip: '192.168.1.8', os.name: 'Windows 10', os.arch: 'amd64', os.version: '10.0', java.version: '1.8.0_281'
Driver info: org.openqa.selenium.chrome.ChromeDriver
Capabilities {acceptInsecureCerts: false, browserName: chrome, browserVersion: 91.0.4472.124, chrome: {chromedriverVersion: 91.0.4472.19 (1bf021f248676..., userDataDir: C:\Users\mohsi\AppData\Loca...}, goog:chromeOptions: {debuggerAddress: localhost:59105}, javascriptEnabled: true, networkConnectionEnabled: false, pageLoadStrategy: normal, platform: WINDOWS, platformName: WINDOWS, proxy: Proxy(), setWindowRect: true, strictFileInteractability: false, timeouts: {implicit: 0, pageLoad: 300000, script: 30000}, unhandledPromptBehavior: dismiss and notify, webauthn:extension:largeBlob: true, webauthn:virtualAuthenticators: true}
Session ID: f92458a503d2b6a75f6325c6a5f5e428
*** Element info: {Using=xpath, value=//*[@name="phoneCountryCode"]}
at sun.reflect.NativeConstructorAccessorImpl.newInstance0(Native Method)
at sun.reflect.NativeConstructorAccessorImpl.newInstance(NativeConstructorAccessorImpl.java:62)
at sun.reflect.DelegatingConstructorAccessorImpl.newInstance(DelegatingConstructorAccessorImpl.java:45)
at java.lang.reflect.Constructor.newInstance(Constructor.java:423)
at org.openqa.selenium.remote.http.W3CHttpResponseCodec.createException(W3CHttpResponseCodec.java:187)
at org.openqa.selenium.remote.http.W3CHttpResponseCodec.decode(W3CHttpResponseCodec.java:122)
at org.openqa.selenium.remote.http.W3CHttpResponseCodec.decode(W3CHttpResponseCodec.java:49)
at org.openqa.selenium.remote.HttpCommandExecutor.execute(HttpCommandExecutor.java:158)
at org.openqa.selenium.remote.service.DriverCommandExecutor.execute(DriverCommandExecutor.java:83)
at org.openqa.selenium.remote.RemoteWebDriver.execute(RemoteWebDriver.java:552)
at org.openqa.selenium.remote.RemoteWebDriver.findElement(RemoteWebDriver.java:323)
at org.openqa.selenium.remote.RemoteWebDriver.findElementByXPath(RemoteWebDriver.java:428)
at org.openqa.selenium.By$ByXPath.findElement(By.java:353)
at org.openqa.selenium.remote.RemoteWebDriver.findElement(RemoteWebDriver.java:315)
at ups.pack.UpsLoginPage.clickPhoneButton(UpsLoginPage.java:77)
at ups.pack.UpsTestRunnerClass.loginErrorMessageTest(UpsTestRunnerClass.java:36)
at sun.reflect.NativeMethodAccessorImpl.invoke0(Native Method)
at sun.reflect.NativeMethodAccessorImpl.invoke(NativeMethodAccessorImpl.java:62)
at sun.reflect.DelegatingMethodAccessorImpl.invoke(DelegatingMethodAccessorImpl.java:43)
at java.lang.reflect.Method.invoke(Method.java:498)
at org.testng.internal.MethodInvocationHelper.invokeMethod(MethodInvocationHelper.java:133)
at org.testng.internal.TestInvoker.invokeMethod(TestInvoker.java:598)
at org.testng.internal.TestInvoker.invokeTestMethod(TestInvoker.java:173)
at org.testng.internal.MethodRunner.runInSequence(MethodRunner.java:46)
at org.testng.internal.TestInvoker$MethodInvocationAgent.invoke(TestInvoker.java:824)
at org.testng.internal.TestInvoker.invokeTestMethods(TestInvoker.java:146)
at org.testng.internal.TestMethodWorker.invokeTestMethods(TestMethodWorker.java:146)
at org.testng.internal.TestMethodWorker.run(TestMethodWorker.java:128)
at java.util.ArrayList.forEach(ArrayList.java:1259)
at org.testng.TestRunner.privateRun(TestRunner.java:794)
at org.testng.TestRunner.run(TestRunner.java:596)
at org.testng.SuiteRunner.runTest(SuiteRunner.java:377)
at org.testng.SuiteRunner.runSequentially(SuiteRunner.java:371)
at org.testng.SuiteRunner.privateRun(SuiteRunner.java:332)
at org.testng.SuiteRunner.run(SuiteRunner.java:276)
at org.testng.SuiteRunnerWorker.runSuite(SuiteRunnerWorker.java:53)
at org.testng.SuiteRunnerWorker.run(SuiteRunnerWorker.java:96)
at org.testng.TestNG.runSuitesSequentially(TestNG.java:1212)
at org.testng.TestNG.runSuitesLocally(TestNG.java:1134)
at org.testng.TestNG.runSuites(TestNG.java:1063)
at org.testng.TestNG.run(TestNG.java:1031)
at org.testng.remote.AbstractRemoteTestNG.run(AbstractRemoteTestNG.java:115)
at org.testng.remote.RemoteTestNG.initAndRun(RemoteTestNG.java:251)
at org.testng.remote.RemoteTestNG.main(RemoteTestNG.java:77)
]]>
            </full-stacktrace>
          </exception> <!-- org.openqa.selenium.NoSuchElementException -->
          <reporter-output>
          </reporter-output>
        </test-method> <!-- loginErrorMessageTest -->
        <test-method status="PASS" signature="afterMethod()[pri:0, instance:ups.pack.UpsTestRunnerClass@1060b431]" name="afterMethod" is-config="true" duration-ms="147" started-at="2021-06-28T09:31:17 EDT" finished-at="2021-06-28T09:31:17 EDT">
          <reporter-output>
          </reporter-output>
        </test-method> <!-- afterMethod -->
        <test-method status="PASS" signature="beforeMethod()[pri:0, instance:ups.pack.UpsTestRunnerClass@1060b431]" name="beforeMethod" is-config="true" duration-ms="1569" started-at="2021-06-28T09:31:17 EDT" finished-at="2021-06-28T09:31:19 EDT">
          <reporter-output>
          </reporter-output>
        </test-method> <!-- beforeMethod -->
        <test-method status="PASS" signature="signUpLinkTest()[pri:4, instance:ups.pack.UpsTestRunnerClass@1060b431]" name="signUpLinkTest" duration-ms="5223" started-at="2021-06-28T09:31:19 EDT" finished-at="2021-06-28T09:31:24 EDT">
          <reporter-output>
          </reporter-output>
        </test-method> <!-- signUpLinkTest -->
        <test-method status="PASS" signature="afterMethod()[pri:0, instance:ups.pack.UpsTestRunnerClass@1060b431]" name="afterMethod" is-config="true" duration-ms="178" started-at="2021-06-28T09:31:24 EDT" finished-at="2021-06-28T09:31:24 EDT">
          <reporter-output>
          </reporter-output>
        </test-method> <!-- afterMethod -->
      </class> <!-- ups.pack.UpsTestRunnerClass -->
    </test> <!-- Default test -->
  </suite> <!-- Default suite -->
</testng-results>
